<?xml version="1.0" encoding="UTF-8"?>
<!-- Generated by org.testng.reporters.JUnitReportReporter -->
<testsuite hostname="DESKTOP-H75GT5C" failures="0" tests="1" name="SolutionsScripts.InformArchValidation" time="15.167" errors="0" timestamp="2025-03-06T15:31:10 IST" skipped="0">
  <testcase classname="SolutionsScripts.InformArchValidation" name="informArchValidation" time="15.167"/>
  <system-out>
    <![CDATA[Information architecture is navigating to correct page]]>
  </system-out>
</testsuite> <!-- SolutionsScripts.InformArchValidation -->
