<?xml version="1.0" encoding="UTF-8"?>
<!-- Generated by org.testng.reporters.JUnitReportReporter -->
<testsuite hostname="DESKTOP-H75GT5C" failures="0" tests="1" name="homeScripts.ValidateEmail" time="0.000" errors="0" timestamp="2025-03-04T14:49:50 IST" skipped="1">
  <testcase classname="homeScripts.ValidateEmail" name="emailValidation" time="0.000">
    <skipped/>
  </testcase> <!-- emailValidation -->
  <system-out/>
</testsuite> <!-- homeScripts.ValidateEmail -->
