<?xml version="1.0" encoding="UTF-8"?>
<!-- Generated by org.testng.reporters.JUnitReportReporter -->
<testsuite hostname="DESKTOP-MO2FLHL" failures="0" tests="10" name="homeScripts.BasicScript" time="60.481" errors="0" timestamp="2025-02-03T14:50:47 IST" skipped="9">
  <testcase classname="homeScripts.BasicScript" name="latestPostNavigation" time="60.481">
    <system-out>
      <![CDATA[latestPostNavigation is executed]]>
    </system-out>
  </testcase> <!-- latestPostNavigation -->
  <testcase classname="homeScripts.BasicScript" name="offerServicesVerify">
    <skipped/>
  </testcase> <!-- offerServicesVerify -->
  <testcase classname="homeScripts.BasicScript" name="webDevCardNavigation">
    <skipped/>
  </testcase> <!-- webDevCardNavigation -->
  <testcase classname="homeScripts.BasicScript" name="informArchitectureCardNavigation">
    <skipped/>
  </testcase> <!-- informArchitectureCardNavigation -->
  <testcase classname="homeScripts.BasicScript" name="applIntegrationCardNavigation">
    <skipped/>
  </testcase> <!-- applIntegrationCardNavigation -->
  <testcase classname="homeScripts.BasicScript" name="techPublicationCardNavigation">
    <skipped/>
  </testcase> <!-- techPublicationCardNavigation -->
  <testcase classname="homeScripts.BasicScript" name="verifyGetInTouchNavigation">
    <skipped/>
  </testcase> <!-- verifyGetInTouchNavigation -->
  <testcase classname="homeScripts.BasicScript" name="verifyMetaWebpage">
    <skipped/>
  </testcase> <!-- verifyMetaWebpage -->
  <testcase classname="homeScripts.BasicScript" name="verifySoftDevNTechWriterNavigation">
    <skipped/>
  </testcase> <!-- verifySoftDevNTechWriterNavigation -->
  <testcase classname="homeScripts.BasicScript" name="weProvideElementsVerify">
    <skipped/>
  </testcase> <!-- weProvideElementsVerify -->
  <system-out>
    <![CDATA[latestPostNavigation is executed]]>
  </system-out>
</testsuite> <!-- homeScripts.BasicScript -->
