<?xml version="1.0" encoding="UTF-8"?>
<!-- Generated by org.testng.reporters.JUnitReportReporter -->
<testsuite hostname="DESKTOP-H75GT5C" failures="0" tests="1" name="homeScripts.ContactDetailsNavigation" time="0.025" errors="0" timestamp="2025-03-04T14:49:50 IST" skipped="0">
  <testcase classname="homeScripts.ContactDetailsNavigation" name="phoneNavigation" time="0.025"/>
  <system-out>
    <![CDATA[phoneNavigation is executing
phoneNavigation is executed successfully]]>
  </system-out>
</testsuite> <!-- homeScripts.ContactDetailsNavigation -->
