<?xml version="1.0" encoding="UTF-8"?>
<!-- Generated by org.testng.reporters.JUnitReportReporter -->
<testsuite hostname="DESKTOP-H75GT5C" failures="0" tests="1" name="homeScripts.ValidateGlossary" time="0.002" errors="0" timestamp="2025-03-04T14:49:50 IST" skipped="0">
  <testcase classname="homeScripts.ValidateGlossary" name="searchWithValidData" time="0.002"/>
  <system-out>
    <![CDATA[searchWithValidData is executing
searchWithValidData is executed successfully]]>
  </system-out>
</testsuite> <!-- homeScripts.ValidateGlossary -->
