<?xml version="1.0" encoding="UTF-8"?>
<!-- Generated by org.testng.reporters.JUnitReportReporter -->
<testsuite hostname="DESKTOP-MO2FLHL" failures="0" tests="1" name="aboutUsScripts.CompanyMValidation" time="87.141" errors="0" timestamp="2025-02-11T14:08:19 IST" skipped="0">
  <testcase classname="aboutUsScripts.CompanyMValidation" name="companyValidation" time="87.141">
    <system-out>
      <![CDATA[Company is navigated to correct page
Join our team is navigated to correct page
NASSCOM is showing correct content
ISO 2022 is showing correct content
ISO 2015 is showing correct content
Automobile is showing correct content
Education is showing correct content
Healthcare is showing correct content
Defense is showing correct content
Aerospace is showing correct content
IT Hardware is showing correct content
Heavy Engineering is showing correct content]]>
    </system-out>
  </testcase> <!-- companyValidation -->
  <system-out>
    <![CDATA[Company is navigated to correct page
Join our team is navigated to correct page
NASSCOM is showing correct content
ISO 2022 is showing correct content
ISO 2015 is showing correct content
Automobile is showing correct content
Education is showing correct content
Healthcare is showing correct content
Defense is showing correct content
Aerospace is showing correct content
IT Hardware is showing correct content
Heavy Engineering is showing correct content]]>
  </system-out>
</testsuite> <!-- aboutUsScripts.CompanyMValidation -->
