<?xml version="1.0" encoding="UTF-8"?>
<!-- Generated by org.testng.reporters.JUnitReportReporter -->
<testsuite hostname="DESKTOP-MO2FLHL" failures="0" tests="4" name="blog.FormValidation" time="131.001" errors="0" timestamp="2025-02-05T16:41:11 IST" skipped="0">
  <testcase classname="blog.FormValidation" name="validateFields" time="30.606"/>
  <testcase classname="blog.FormValidation" name="validateFields" time="26.310"/>
  <testcase classname="blog.FormValidation" name="validateFields" time="28.662"/>
  <testcase classname="blog.FormValidation" name="validateFields" time="45.423"/>
</testsuite> <!-- blog.FormValidation -->
