<?xml version="1.0" encoding="UTF-8"?>
<!-- Generated by org.testng.reporters.JUnitReportReporter -->
<testsuite hostname="DESKTOP-MO2FLHL" failures="0" tests="1" name="SolutionsScripts.SoftEngValidation" time="23.768" errors="0" timestamp="2025-02-06T17:38:45 IST" skipped="0">
  <testcase classname="SolutionsScripts.SoftEngValidation" name="softEngValidation" time="23.768">
    <system-out>
      <![CDATA[Software engineering is navigated to correct page]]>
    </system-out>
  </testcase> <!-- softEngValidation -->
  <system-out>
    <![CDATA[Software engineering is navigated to correct page]]>
  </system-out>
</testsuite> <!-- SolutionsScripts.SoftEngValidation -->
