<?xml version="1.0" encoding="UTF-8"?>
<!-- Generated by org.testng.reporters.JUnitReportReporter -->
<testsuite hostname="DESKTOP-MO2FLHL" failures="0" tests="1" name="servicesScripts.SoftwareDevValidation" time="53.331" errors="0" timestamp="2025-02-07T09:09:43 IST" skipped="0">
  <testcase classname="servicesScripts.SoftwareDevValidation" name="SoftDeValidation" time="53.331">
    <system-out>
      <![CDATA[Software Developement is navigated to destination
Web Development blog is navigated to correct page
Custom Engineering  blog is navigated to correct page
Application integration blog is navigated to correct page
DocOps blog is navigated to correct page]]>
    </system-out>
  </testcase> <!-- SoftDeValidation -->
  <system-out>
    <![CDATA[Software Developement is navigated to destination
Web Development blog is navigated to correct page
Custom Engineering  blog is navigated to correct page
Application integration blog is navigated to correct page
DocOps blog is navigated to correct page]]>
  </system-out>
</testsuite> <!-- servicesScripts.SoftwareDevValidation -->
