<?xml version="1.0" encoding="UTF-8"?>
<!-- Generated by org.testng.reporters.JUnitReportReporter -->
<testsuite hostname="DESKTOP-MO2FLHL" failures="0" tests="1" name="servicesScripts.ProfessionalTrainingValidation" time="28.513" errors="0" timestamp="2025-02-10T12:37:59 IST" skipped="0">
  <testcase classname="servicesScripts.ProfessionalTrainingValidation" name="PTValidation" time="28.513">
    <system-out>
      <![CDATA[Professional training page is navigated to correct page]]>
    </system-out>
  </testcase> <!-- PTValidation -->
  <system-out>
    <![CDATA[Professional training page is navigated to correct page]]>
  </system-out>
</testsuite> <!-- servicesScripts.ProfessionalTrainingValidation -->
