<?xml version="1.0" encoding="UTF-8"?>
<!-- Generated by org.testng.reporters.JUnitReportReporter -->
<testsuite hostname="DESKTOP-MO2FLHL" failures="0" tests="1" name="SolutionsScripts.SoftEngValidation" time="152.456" errors="0" timestamp="2025-02-10T12:47:21 IST" skipped="0">
  <testcase classname="SolutionsScripts.SoftEngValidation" name="softEngValidation" time="152.456">
    <system-out>
      <![CDATA[Software engineering is navigated to correct page
LearnOL is showing right content
Web Applications is showing right content
Custom Software  is showing right content
Application Development is showing right content
Platform evaluation is showing right content
Application Deployment is showing right content
Service delivery is showing right content
 User Interface is showing right content
Business Logic is showing right content
API Management is showing right content
Database is showing right content
Strategic planning is showing right content
Document management is showing right content
Project Collaboration is showing right content
Knowledge management is showing right content]]>
    </system-out>
  </testcase> <!-- softEngValidation -->
  <system-out>
    <![CDATA[Software engineering is navigated to correct page
LearnOL is showing right content
Web Applications is showing right content
Custom Software  is showing right content
Application Development is showing right content
Platform evaluation is showing right content
Application Deployment is showing right content
Service delivery is showing right content
 User Interface is showing right content
Business Logic is showing right content
API Management is showing right content
Database is showing right content
Strategic planning is showing right content
Document management is showing right content
Project Collaboration is showing right content
Knowledge management is showing right content]]>
  </system-out>
</testsuite> <!-- SolutionsScripts.SoftEngValidation -->
