<?xml version="1.0" encoding="UTF-8"?>
<!-- Generated by org.testng.reporters.JUnitReportReporter -->
<testsuite hostname="DESKTOP-MO2FLHL" failures="0" tests="1" name="SolutionsScripts.StaffAugValidation" time="20.848" errors="0" timestamp="2025-02-07T14:40:12 IST" skipped="0">
  <testcase classname="SolutionsScripts.StaffAugValidation" name="staffAugValidation" time="20.848">
    <system-out>
      <![CDATA[Staff Augmentation is navigating to correct page]]>
    </system-out>
  </testcase> <!-- staffAugValidation -->
  <system-out>
    <![CDATA[Staff Augmentation is navigating to correct page]]>
  </system-out>
</testsuite> <!-- SolutionsScripts.StaffAugValidation -->
