<?xml version="1.0" encoding="UTF-8"?>
<!-- Generated by org.testng.reporters.JUnitReportReporter -->
<testsuite hostname="DESKTOP-MO2FLHL" failures="0" tests="1" name="homeScripts.ScrollIconValidation" time="16.241" errors="0" timestamp="2025-02-17T11:15:59 IST" skipped="0">
  <testcase classname="homeScripts.ScrollIconValidation" name="scrollIconValidation" time="16.241">
    <system-out>
      <![CDATA[Scroll up button is working]]>
    </system-out>
  </testcase> <!-- scrollIconValidation -->
  <system-out>
    <![CDATA[Scroll up button is working]]>
  </system-out>
</testsuite> <!-- homeScripts.ScrollIconValidation -->
