<?xml version="1.0" encoding="UTF-8"?>
<!-- Generated by org.testng.reporters.JUnitReportReporter -->
<testsuite hostname="DESKTOP-MO2FLHL" failures="0" tests="1" name="SolutionsScripts.ConsultingValidation" time="50.194" errors="0" timestamp="2025-02-10T12:42:03 IST" skipped="0">
  <testcase classname="SolutionsScripts.ConsultingValidation" name="informArchValidation" time="50.194">
    <system-out>
      <![CDATA[Consulting  is navigating to correct page
Read more button of information architecture navigated to its destination
Read more button of content migration is navigated to its destination
Read more button of content strategy navigated to its destination
Read more button of staff augmentation is navigated to its destination]]>
    </system-out>
  </testcase> <!-- informArchValidation -->
  <system-out>
    <![CDATA[Consulting  is navigating to correct page
Read more button of information architecture navigated to its destination
Read more button of content migration is navigated to its destination
Read more button of content strategy navigated to its destination
Read more button of staff augmentation is navigated to its destination]]>
  </system-out>
</testsuite> <!-- SolutionsScripts.ConsultingValidation -->
