<?xml version="1.0" encoding="UTF-8"?>
<!-- Generated by org.testng.reporters.JUnitReportReporter -->
<testsuite hostname="DESKTOP-MO2FLHL" failures="0" tests="11" name="homeScripts.BodyModuleNavigation" time="45.349" errors="0" timestamp="2025-02-04T11:48:59 IST" skipped="10">
  <testcase classname="homeScripts.BodyModuleNavigation" name="latPost" time="45.349">
    <system-out>
      <![CDATA[latPost is executed
DITA Europe post navigated to the correct page
pre-CCMS post navigated to the correct page
Tackle Medical Device post navigated to the correct page]]>
    </system-out>
  </testcase> <!-- latPost -->
  <testcase classname="homeScripts.BodyModuleNavigation" name="verifyGetInTouchNavigation">
    <skipped/>
  </testcase> <!-- verifyGetInTouchNavigation -->
  <testcase classname="homeScripts.BodyModuleNavigation" name="applIntegrationCardNavigation">
    <skipped/>
  </testcase> <!-- applIntegrationCardNavigation -->
  <testcase classname="homeScripts.BodyModuleNavigation" name="verifySoftDevNTechWriterNavigation">
    <skipped/>
  </testcase> <!-- verifySoftDevNTechWriterNavigation -->
  <testcase classname="homeScripts.BodyModuleNavigation" name="webDevCardNavigation">
    <skipped/>
  </testcase> <!-- webDevCardNavigation -->
  <testcase classname="homeScripts.BodyModuleNavigation" name="latestPostNavigation">
    <skipped/>
  </testcase> <!-- latestPostNavigation -->
  <testcase classname="homeScripts.BodyModuleNavigation" name="techPublicationCardNavigation">
    <skipped/>
  </testcase> <!-- techPublicationCardNavigation -->
  <testcase classname="homeScripts.BodyModuleNavigation" name="offerServicesVerify">
    <skipped/>
  </testcase> <!-- offerServicesVerify -->
  <testcase classname="homeScripts.BodyModuleNavigation" name="verifyMetaWebpage">
    <skipped/>
  </testcase> <!-- verifyMetaWebpage -->
  <testcase classname="homeScripts.BodyModuleNavigation" name="weProvideElementsVerify">
    <skipped/>
  </testcase> <!-- weProvideElementsVerify -->
  <testcase classname="homeScripts.BodyModuleNavigation" name="informArchitectureCardNavigation">
    <skipped/>
  </testcase> <!-- informArchitectureCardNavigation -->
  <system-out>
    <![CDATA[latPost is executed
DITA Europe post navigated to the correct page
pre-CCMS post navigated to the correct page
Tackle Medical Device post navigated to the correct page]]>
  </system-out>
</testsuite> <!-- homeScripts.BodyModuleNavigation -->
