<?xml version="1.0" encoding="UTF-8"?>
<!-- Generated by org.testng.reporters.JUnitReportReporter -->
<testsuite hostname="DESKTOP-MO2FLHL" failures="0" tests="1" name="servicesScripts.TechnicalWritingNavigation" time="44.445" errors="0" timestamp="2025-02-10T12:40:39 IST" skipped="0">
  <testcase classname="servicesScripts.TechnicalWritingNavigation" name="servicesBlocksNavigation" time="44.445">
    <system-out>
      <![CDATA[Technical writing is navigated to destination]]>
    </system-out>
  </testcase> <!-- servicesBlocksNavigation -->
  <system-out>
    <![CDATA[Technical writing is navigated to destination]]>
  </system-out>
</testsuite> <!-- servicesScripts.TechnicalWritingNavigation -->
