<?xml version="1.0" encoding="UTF-8"?>
<!-- Generated by org.testng.reporters.JUnitReportReporter -->
<testsuite hostname="DESKTOP-MO2FLHL" failures="0" tests="1" name="SolutionsScripts.InformArchValidation" time="43.514" errors="0" timestamp="2025-02-10T12:43:17 IST" skipped="0">
  <testcase classname="SolutionsScripts.InformArchValidation" name="informArchValidation" time="43.514">
    <system-out>
      <![CDATA[Information architecture is navigating to correct page]]>
    </system-out>
  </testcase> <!-- informArchValidation -->
  <system-out>
    <![CDATA[Information architecture is navigating to correct page]]>
  </system-out>
</testsuite> <!-- SolutionsScripts.InformArchValidation -->
