<?xml version="1.0" encoding="UTF-8"?>
<!-- Generated by org.testng.reporters.JUnitReportReporter -->
<testsuite hostname="DESKTOP-MO2FLHL" failures="0" tests="1" name="SolutionsScripts.TechPublicationValidation" time="101.513" errors="0" timestamp="2025-02-10T12:50:51 IST" skipped="0">
  <testcase classname="SolutionsScripts.TechPublicationValidation" name="techPublicationValidation" time="101.513">
    <system-out>
      <![CDATA[Technical publication is navigated to correct page
Content Analysis is showing the right content
Topic based authoring is showing the right content
Element Definition is showing the right content
Content Reuse is showing the right content
Content Audit is showing the right content
Content Management is showing the right content
Content Structuring is showing the right content
Content Optimization is showing the right content
content compatability is showing the right content
Content Tunning is showing the right content
Content transformation is showing the right content
Unified Authoring is showing the right content
Migration Analysis is showing the right content
Information distribution is showing the right content
Content Cleanup is showing the right content
Output Distribution is showing the right content]]>
    </system-out>
  </testcase> <!-- techPublicationValidation -->
  <system-out>
    <![CDATA[Technical publication is navigated to correct page
Content Analysis is showing the right content
Topic based authoring is showing the right content
Element Definition is showing the right content
Content Reuse is showing the right content
Content Audit is showing the right content
Content Management is showing the right content
Content Structuring is showing the right content
Content Optimization is showing the right content
content compatability is showing the right content
Content Tunning is showing the right content
Content transformation is showing the right content
Unified Authoring is showing the right content
Migration Analysis is showing the right content
Information distribution is showing the right content
Content Cleanup is showing the right content
Output Distribution is showing the right content]]>
  </system-out>
</testsuite> <!-- SolutionsScripts.TechPublicationValidation -->
