<?xml version="1.0" encoding="UTF-8"?>
<!-- Generated by org.testng.reporters.JUnitReportReporter -->
<testsuite hostname="DESKTOP-MO2FLHL" failures="0" tests="1" name="homeScripts.ContactDetailsNavigation" time="0.012" errors="0" timestamp="2025-02-10T11:42:15 IST" skipped="0">
  <testcase classname="homeScripts.ContactDetailsNavigation" name="phoneNavigation" time="0.012"/>
</testsuite> <!-- homeScripts.ContactDetailsNavigation -->
