<?xml version="1.0" encoding="UTF-8"?>
<!-- Generated by org.testng.reporters.JUnitReportReporter -->
<testsuite hostname="DESKTOP-MO2FLHL" failures="0" tests="3" name="homeScripts.FooterModuleNavigation" time="56.207" errors="0" timestamp="2025-02-18T16:23:01 IST" skipped="2">
  <testcase classname="homeScripts.FooterModuleNavigation" name="footerModuleValidation" time="56.207"/>
  <system-out>
    <![CDATA[footerModuleValidation is executing
footerModuleValidation is executed successfully]]>
  </system-out>
  <testcase classname="homeScripts.FooterModuleNavigation" name="socialLinksNavigation">
    <skipped/>
  </testcase> <!-- socialLinksNavigation -->
  <system-out/>
  <testcase classname="homeScripts.FooterModuleNavigation" name="quickLinkNavigation">
    <skipped/>
  </testcase> <!-- quickLinkNavigation -->
  <system-out/>
</testsuite> <!-- homeScripts.FooterModuleNavigation -->
