<?xml version="1.0" encoding="UTF-8"?>
<!-- Generated by org.testng.reporters.JUnitReportReporter -->
<testsuite hostname="DESKTOP-MO2FLHL" failures="0" tests="1" name="aboutUsScripts.AboutUsCareersValidation" time="26.276" errors="0" timestamp="2025-02-14T17:36:26 IST" skipped="0">
  <testcase classname="aboutUsScripts.AboutUsCareersValidation" name="aboutUsCareerValidation" time="26.276">
    <system-out>
      <![CDATA[aboutUsCareerValidation is executing
Career is navigated to the correct page
Apply now is redirecting to correct page
Bottom apply now button is redirecting to correct page]]>
    </system-out>
  </testcase> <!-- aboutUsCareerValidation -->
  <system-out>
    <![CDATA[aboutUsCareerValidation is executing
Career is navigated to the correct page
Apply now is redirecting to correct page
Bottom apply now button is redirecting to correct page]]>
  </system-out>
</testsuite> <!-- aboutUsScripts.AboutUsCareersValidation -->
