<?xml version="1.0" encoding="UTF-8"?>
<!-- Generated by org.testng.reporters.JUnitReportReporter -->
<testsuite hostname="DESKTOP-MO2FLHL" failures="0" tests="1" name="aboutUsScripts.AboutUsCareersValidation" time="122.918" errors="0" timestamp="2025-02-12T10:37:42 IST" skipped="0">
  <testcase classname="aboutUsScripts.AboutUsCareersValidation" name="aboutUsCareerValidation" time="122.918">
    <system-out>
      <![CDATA[Career is navigated to the correct page
Apply now is redirecting to correct page
Bottom apply now button is redirecting to correct page]]>
    </system-out>
  </testcase> <!-- aboutUsCareerValidation -->
  <system-out>
    <![CDATA[Career is navigated to the correct page
Apply now is redirecting to correct page
Bottom apply now button is redirecting to correct page]]>
  </system-out>
</testsuite> <!-- aboutUsScripts.AboutUsCareersValidation -->
