<?xml version="1.0" encoding="UTF-8"?>
<!-- Generated by org.testng.reporters.JUnitReportReporter -->
<testsuite hostname="DESKTOP-MO2FLHL" failures="0" tests="1" name="servicesScripts.TechnicalWritingNavigation" time="35.286" errors="0" timestamp="2025-02-14T10:23:48 IST" skipped="0">
  <testcase classname="servicesScripts.TechnicalWritingNavigation" name="servicesBlocksNavigation" time="35.286">
    <system-out>
      <![CDATA[servicesBlocksNavigation is executing
Technical writing is navigated to destination]]>
    </system-out>
  </testcase> <!-- servicesBlocksNavigation -->
  <system-out>
    <![CDATA[servicesBlocksNavigation is executing
Technical writing is navigated to destination]]>
  </system-out>
</testsuite> <!-- servicesScripts.TechnicalWritingNavigation -->
