<?xml version="1.0" encoding="UTF-8"?>
<!-- Generated by org.testng.reporters.JUnitReportReporter -->
<testsuite hostname="DESKTOP-MO2FLHL" failures="0" tests="1" name="homeScripts.SubscribeLinkValidation" time="23.864" errors="0" timestamp="2025-02-18T09:53:39 IST" skipped="0">
  <testcase classname="homeScripts.SubscribeLinkValidation" name="subscribeRedirectionValidation" time="23.864"/>
  <system-out>
    <![CDATA[subscribeRedirectionValidation is executing
Subscribe is redirected to subscribe section in footer page
subscribeRedirectionValidation is executed successfully]]>
  </system-out>
</testsuite> <!-- homeScripts.SubscribeLinkValidation -->
