<?xml version="1.0" encoding="UTF-8"?>
<!-- Generated by org.testng.reporters.JUnitReportReporter -->
<testsuite hostname="DESKTOP-MO2FLHL" failures="0" tests="1" name="LangSelectorScripts.LangSeValidation" time="68.285" errors="0" timestamp="2025-02-14T17:25:57 IST" skipped="0">
  <testcase classname="LangSelectorScripts.LangSeValidation" name="langValidation" time="68.285">
    <system-out>
      <![CDATA[En language is selected successfully
En language is selected successfully
Es language is selected successfully
De language is selected successfully
Fr language is selected successfully]]>
    </system-out>
  </testcase> <!-- langValidation -->
  <system-out>
    <![CDATA[En language is selected successfully
En language is selected successfully
Es language is selected successfully
De language is selected successfully
Fr language is selected successfully]]>
  </system-out>
</testsuite> <!-- LangSelectorScripts.LangSeValidation -->
