<?xml version="1.0" encoding="UTF-8"?>
<!-- Generated by org.testng.reporters.JUnitReportReporter -->
<testsuite hostname="DESKTOP-MO2FLHL" failures="0" tests="1" name="contactUsScripts.ContactUsFormValidation" time="48.020" errors="0" timestamp="2025-02-13T16:33:15 IST" skipped="0">
  <testcase classname="contactUsScripts.ContactUsFormValidation" name="formValidation" time="48.020"/>
</testsuite> <!-- contactUsScripts.ContactUsFormValidation -->
