<?xml version="1.0" encoding="UTF-8"?>
<!-- Generated by org.testng.reporters.JUnitReportReporter -->
<testsuite hostname="DESKTOP-MO2FLHL" failures="0" tests="1" name="aboutUsScripts.PartnersValidation" time="236.206" errors="0" timestamp="2025-02-12T09:18:54 IST" skipped="0">
  <testcase classname="aboutUsScripts.PartnersValidation" name="partnersValidation" time="236.206">
    <system-out>
      <![CDATA[All partners redirected to its destination]]>
    </system-out>
  </testcase> <!-- partnersValidation -->
  <system-out>
    <![CDATA[All partners redirected to its destination]]>
  </system-out>
</testsuite> <!-- aboutUsScripts.PartnersValidation -->
