<?xml version="1.0" encoding="UTF-8"?>
<!-- Generated by org.testng.reporters.JUnitReportReporter -->
<testsuite hostname="DESKTOP-MO2FLHL" failures="0" tests="1" name="servicesScripts.SoftwareDevValidation" time="96.496" errors="0" timestamp="2025-02-05T17:51:17 IST" skipped="0">
  <testcase classname="servicesScripts.SoftwareDevValidation" name="SoftDeValidation" time="96.496">
    <system-out>
      <![CDATA[Software Developement is navigated to destination]]>
    </system-out>
  </testcase> <!-- SoftDeValidation -->
  <system-out>
    <![CDATA[Software Developement is navigated to destination]]>
  </system-out>
</testsuite> <!-- servicesScripts.SoftwareDevValidation -->
