<?xml version="1.0" encoding="UTF-8"?>
<!-- Generated by org.testng.reporters.JUnitReportReporter -->
<testsuite hostname="DESKTOP-MO2FLHL" failures="0" tests="1" name="homeScripts.ValidateHomeClickability" time="32.474" errors="0" timestamp="2025-02-17T15:17:18 IST" skipped="0">
  <testcase classname="homeScripts.ValidateHomeClickability" name="validateHomeClickability" time="32.474">
    <system-out>
      <![CDATA[After clicking on home user is not navigated to home page]]>
    </system-out>
  </testcase> <!-- validateHomeClickability -->
  <system-out>
    <![CDATA[After clicking on home user is not navigated to home page]]>
  </system-out>
</testsuite> <!-- homeScripts.ValidateHomeClickability -->
