<?xml version="1.0" encoding="UTF-8"?>
<!-- Generated by org.testng.reporters.JUnitReportReporter -->
<testsuite hostname="DESKTOP-MO2FLHL" failures="0" tests="1" name="aboutUsScripts.PartnersValidation" time="164.365" errors="0" timestamp="2025-02-14T17:03:26 IST" skipped="0">
  <testcase classname="aboutUsScripts.PartnersValidation" name="partnersValidation" time="164.365">
    <system-out>
      <![CDATA[partnersValidation is executing
All partners redirected to its destination]]>
    </system-out>
  </testcase> <!-- partnersValidation -->
  <system-out>
    <![CDATA[partnersValidation is executing
All partners redirected to its destination
postCategoriesValidation is executing
Blog is navigated to correct page
aboutUsValidation is executing
About Us is navigated to correct page
About Company is navigated to correct page
All three portfolio blocks are navigated to correct page
All three portfolio blocks are navigated to correct page
aboutUsPortfolioValidation is executing
All portfolio blocks are redirected to correct page
All blocks are redirecting to correct page
aboutUsCareerValidation is executing
Career is navigated to the correct page
Apply now is redirecting to correct page
Bottom apply now button is redirecting to correct page
companyValidation is executing
Company is navigated to correct page
Join our team is navigated to correct page
NASSCOM is showing correct content
ISO 2022 is showing correct content
ISO 2015 is showing correct content
Automobile is showing correct content
Education is showing correct content
Healthcare is showing correct content
Defense is showing correct content
Aerospace is showing correct content
IT Hardware is showing correct content
Heavy Engineering is showing correct content]]>
  </system-out>
</testsuite> <!-- aboutUsScripts.PartnersValidation -->
