<?xml version="1.0" encoding="UTF-8"?>
<!-- Generated by org.testng.reporters.JUnitReportReporter -->
<testsuite hostname="DESKTOP-MO2FLHL" failures="0" tests="4" name="blog.FormValidation" time="129.649" errors="0" timestamp="2025-02-18T10:29:27 IST" skipped="0">
  <testcase classname="blog.FormValidation" name="validateFields" time="25.858"/>
  <system-out>
    <![CDATA[validateFields is executing
Fields acccepts invalid input
validateFields is executed successfully]]>
  </system-out>
  <testcase classname="blog.FormValidation" name="validateFields" time="31.258"/>
  <system-out>
    <![CDATA[validateFields is executing
Fields acccepts invalid input
validateFields is executed successfully]]>
  </system-out>
  <testcase classname="blog.FormValidation" name="validateFields" time="28.849"/>
  <system-out>
    <![CDATA[validateFields is executing
Fields acccepts invalid input
validateFields is executed successfully]]>
  </system-out>
  <testcase classname="blog.FormValidation" name="validateFields" time="43.684"/>
  <system-out>
    <![CDATA[validateFields is executing
Fields acccepts invalid input
validateFields is executed successfully]]>
  </system-out>
</testsuite> <!-- blog.FormValidation -->
