<?xml version="1.0" encoding="UTF-8"?>
<!-- Generated by org.testng.reporters.JUnitReportReporter -->
<testsuite hostname="DESKTOP-MO2FLHL" failures="0" tests="1" name="homeScripts.ValidateEmail" time="29.373" errors="0" timestamp="2025-02-04T17:30:55 IST" skipped="0">
  <testcase classname="homeScripts.ValidateEmail" name="emailValidation" time="29.373">
    <system-out>
      <![CDATA[Email field accepts the valid email format]]>
    </system-out>
  </testcase> <!-- emailValidation -->
  <system-out>
    <![CDATA[Email field accepts the valid email format]]>
  </system-out>
</testsuite> <!-- homeScripts.ValidateEmail -->
