<?xml version="1.0" encoding="UTF-8"?>
<!-- Generated by org.testng.reporters.JUnitReportReporter -->
<testsuite hostname="DESKTOP-MO2FLHL" failures="0" tests="1" name="aboutUsScripts.AboutUsPortfolioValidation" time="134.308" errors="0" timestamp="2025-02-11T17:54:10 IST" skipped="0">
  <testcase classname="aboutUsScripts.AboutUsPortfolioValidation" name="aboutUsPortfolioValidation" time="134.308">
    <system-out>
      <![CDATA[All blocks are redirecting to correct page]]>
    </system-out>
  </testcase> <!-- aboutUsPortfolioValidation -->
  <system-out>
    <![CDATA[All blocks are redirecting to correct page]]>
  </system-out>
</testsuite> <!-- aboutUsScripts.AboutUsPortfolioValidation -->
