<?xml version="1.0" encoding="UTF-8"?>
<!-- Generated by org.testng.reporters.JUnitReportReporter -->
<testsuite hostname="DESKTOP-MO2FLHL" failures="0" tests="3" name="homeScripts.FooterModuleNavigation" time="130.498" errors="0" timestamp="2025-02-04T15:33:30 IST" skipped="2">
  <testcase classname="homeScripts.FooterModuleNavigation" name="quickLinkNavigation" time="130.498">
    <system-out>
      <![CDATA[About Us navigates to the correct destination
Services navigate to the correct destination
Solutions quick link navigates to the correct destination
Contact Us navigates to the correct destination
Blog link navigates to the correct page
Event link navigates to the correct page
News link navigates to the correct page]]>
    </system-out>
  </testcase> <!-- quickLinkNavigation -->
  <testcase classname="homeScripts.FooterModuleNavigation" name="emailValidation">
    <skipped/>
  </testcase> <!-- emailValidation -->
  <testcase classname="homeScripts.FooterModuleNavigation" name="socialLinksNavigation">
    <skipped/>
  </testcase> <!-- socialLinksNavigation -->
  <system-out>
    <![CDATA[About Us navigates to the correct destination
Services navigate to the correct destination
Solutions quick link navigates to the correct destination
Contact Us navigates to the correct destination
Blog link navigates to the correct page
Event link navigates to the correct page
News link navigates to the correct page]]>
  </system-out>
</testsuite> <!-- homeScripts.FooterModuleNavigation -->
