<?xml version="1.0" encoding="UTF-8"?>
<!-- Generated by org.testng.reporters.JUnitReportReporter -->
<testsuite hostname="DESKTOP-MO2FLHL" failures="0" tests="4" name="blog.FormValidation" time="156.029" errors="0" timestamp="2025-02-10T12:36:10 IST" skipped="0">
  <testcase classname="blog.FormValidation" name="validateFields" time="44.490">
    <system-out>
      <![CDATA[Fields acccepts invalid input]]>
    </system-out>
  </testcase> <!-- validateFields -->
  <testcase classname="blog.FormValidation" name="validateFields" time="31.478">
    <system-out>
      <![CDATA[Fields acccepts invalid input]]>
    </system-out>
  </testcase> <!-- validateFields -->
  <testcase classname="blog.FormValidation" name="validateFields" time="40.784">
    <system-out>
      <![CDATA[Fields acccepts invalid input]]>
    </system-out>
  </testcase> <!-- validateFields -->
  <testcase classname="blog.FormValidation" name="validateFields" time="39.277">
    <system-out>
      <![CDATA[Fields acccepts invalid input]]>
    </system-out>
  </testcase> <!-- validateFields -->
  <system-out>
    <![CDATA[Fields acccepts invalid input
Fields acccepts invalid input
Fields acccepts invalid input
Fields acccepts invalid input]]>
  </system-out>
</testsuite> <!-- blog.FormValidation -->
