<?xml version="1.0" encoding="UTF-8"?>
<!-- Generated by org.testng.reporters.JUnitReportReporter -->
<testsuite hostname="DESKTOP-MO2FLHL" failures="0" tests="2" name="aboutUsScripts.AboutUsBlogsValidation" time="42.788" errors="0" timestamp="2025-02-18T09:13:52 IST" skipped="1">
  <testcase classname="aboutUsScripts.AboutUsBlogsValidation" name="postCategoriesValidation" time="42.788"/>
  <system-out>
    <![CDATA[postCategoriesValidation is executing
Blog is navigated to correct page]]>
  </system-out>
  <testcase classname="aboutUsScripts.AboutUsBlogsValidation" name="blogsValidation">
    <skipped/>
  </testcase> <!-- blogsValidation -->
  <system-out/>
</testsuite> <!-- aboutUsScripts.AboutUsBlogsValidation -->
