<?xml version="1.0" encoding="UTF-8"?>
<!-- Generated by org.testng.reporters.JUnitReportReporter -->
<testsuite hostname="DESKTOP-MO2FLHL" failures="0" tests="1" name="homeScripts.ChatBoatValidation" time="13.651" errors="0" timestamp="2025-02-18T10:30:52 IST" skipped="0">
  <testcase classname="homeScripts.ChatBoatValidation" name="chatBoatValidation" time="13.651"/>
  <system-out/>
</testsuite> <!-- homeScripts.ChatBoatValidation -->
