<?xml version="1.0" encoding="UTF-8"?>
<!-- Generated by org.testng.reporters.JUnitReportReporter -->
<testsuite hostname="DESKTOP-MO2FLHL" failures="0" tests="1" name="homeScripts.GlossaryValidation" time="240.798" errors="0" timestamp="2025-02-18T14:18:42 IST" skipped="0">
  <testcase classname="homeScripts.GlossaryValidation" name="glossaryValition" time="240.798"/>
  <system-out>
    <![CDATA[Glossary is validated successfully]]>
  </system-out>
</testsuite> <!-- homeScripts.GlossaryValidation -->
