<?xml version="1.0" encoding="UTF-8"?>
<!-- Generated by org.testng.reporters.JUnitReportReporter -->
<testsuite hostname="DESKTOP-MO2FLHL" failures="0" tests="4" name="homeScripts.ValidateEmail" time="138.069" errors="0" timestamp="2025-02-10T12:28:55 IST" skipped="0">
  <testcase classname="homeScripts.ValidateEmail" name="emailValidation" time="29.797">
    <system-out>
      <![CDATA[Email field does not accept the invalid email format]]>
    </system-out>
  </testcase> <!-- emailValidation -->
  <testcase classname="homeScripts.ValidateEmail" name="emailValidation" time="24.083">
    <system-out>
      <![CDATA[Email field does not accept the invalid email format]]>
    </system-out>
  </testcase> <!-- emailValidation -->
  <testcase classname="homeScripts.ValidateEmail" name="emailValidation" time="29.689">
    <system-out>
      <![CDATA[Email field does not accept the invalid email format]]>
    </system-out>
  </testcase> <!-- emailValidation -->
  <testcase classname="homeScripts.ValidateEmail" name="emailValidation" time="54.500">
    <system-out>
      <![CDATA[Email field does not accept the invalid email format]]>
    </system-out>
  </testcase> <!-- emailValidation -->
  <system-out>
    <![CDATA[Email field does not accept the invalid email format
Email field does not accept the invalid email format
Email field does not accept the invalid email format
Email field does not accept the invalid email format]]>
  </system-out>
</testsuite> <!-- homeScripts.ValidateEmail -->
