<?xml version="1.0" encoding="UTF-8"?>
<!-- Generated by org.testng.reporters.JUnitReportReporter -->
<testsuite hostname="DESKTOP-MO2FLHL" failures="0" tests="10" name="homeScripts.BodyModuleNavigation" time="25.252" errors="0" timestamp="2025-02-05T14:34:29 IST" skipped="9">
  <testcase classname="homeScripts.BodyModuleNavigation" name="webDevCardNavigation" time="25.252">
    <system-out>
      <![CDATA[webDevCardNavigation is executing]]>
    </system-out>
  </testcase> <!-- webDevCardNavigation -->
  <testcase classname="homeScripts.BodyModuleNavigation" name="latestPostNavigation">
    <skipped/>
  </testcase> <!-- latestPostNavigation -->
  <testcase classname="homeScripts.BodyModuleNavigation" name="informArchitectureCardNavigation">
    <skipped/>
  </testcase> <!-- informArchitectureCardNavigation -->
  <testcase classname="homeScripts.BodyModuleNavigation" name="verifySoftDevNTechWriterNavigation">
    <skipped/>
  </testcase> <!-- verifySoftDevNTechWriterNavigation -->
  <testcase classname="homeScripts.BodyModuleNavigation" name="verifyGetInTouchNavigation">
    <skipped/>
  </testcase> <!-- verifyGetInTouchNavigation -->
  <testcase classname="homeScripts.BodyModuleNavigation" name="verifyMetaWebpage">
    <skipped/>
  </testcase> <!-- verifyMetaWebpage -->
  <testcase classname="homeScripts.BodyModuleNavigation" name="offerServicesVerify">
    <skipped/>
  </testcase> <!-- offerServicesVerify -->
  <testcase classname="homeScripts.BodyModuleNavigation" name="techPublicationCardNavigation">
    <skipped/>
  </testcase> <!-- techPublicationCardNavigation -->
  <testcase classname="homeScripts.BodyModuleNavigation" name="weProvideElementsVerify">
    <skipped/>
  </testcase> <!-- weProvideElementsVerify -->
  <testcase classname="homeScripts.BodyModuleNavigation" name="applIntegrationCardNavigation">
    <skipped/>
  </testcase> <!-- applIntegrationCardNavigation -->
  <system-out>
    <![CDATA[webDevCardNavigation is executing]]>
  </system-out>
</testsuite> <!-- homeScripts.BodyModuleNavigation -->
